<?xml version="1.0" encoding="UTF-8"?>
<!-- Generated by org.testng.reporters.JUnitReportReporter -->
<testsuite hostname="chn1-lhp-N80954" failures="0" tests="8" name="com.MainTest.MainTest" time="2.271" errors="0" timestamp="2023-07-05T13:13:33 IST" skipped="0">
  <testcase classname="com.MainTest.MainTest" name="loginWithValidAndInvalidUserCredentials" time="0.280"/>
  <testcase classname="com.MainTest.MainTest" name="loginWithValidAndInvalidUserCredentials" time="0.324"/>
  <testcase classname="com.MainTest.MainTest" name="loginWithValidAndInvalidUserCredentials" time="0.257"/>
  <testcase classname="com.MainTest.MainTest" name="loginWithValidAndInvalidUserCredentials" time="0.249"/>
  <testcase classname="com.MainTest.MainTest" name="AddProductsToCart" time="0.418"/>
  <testcase classname="com.MainTest.MainTest" name="removeProductsAndCheckoutProductsOnCart" time="0.268"/>
  <testcase classname="com.MainTest.MainTest" name="CompleteCheckout" time="0.346"/>
  <testcase classname="com.MainTest.MainTest" name="logoutAsUser" time="0.129"/>
</testsuite> <!-- com.MainTest.MainTest -->
