<?xml version="1.0" encoding="UTF-8"?>
<!-- Generated by org.testng.reporters.JUnitReportReporter -->
<testsuite hostname="chn1-lhp-N80954" failures="0" tests="8" name="main.MainTest" time="36.370" errors="0" timestamp="2023-06-29T21:26:42 IST" skipped="0">
  <testcase classname="main.MainTest" name="login" time="5.385"/>
  <testcase classname="main.MainTest" name="Home" time="8.532"/>
  <testcase classname="main.MainTest" name="addCart" time="0.116"/>
  <testcase classname="main.MainTest" name="cart" time="3.554"/>
  <testcase classname="main.MainTest" name="yourInfo" time="3.282"/>
  <testcase classname="main.MainTest" name="overView" time="0.196"/>
  <testcase classname="main.MainTest" name="complt" time="3.099"/>
  <testcase classname="main.MainTest" name="logout" time="12.206"/>
</testsuite> <!-- main.MainTest -->
