<?xml version="1.0" encoding="UTF-8"?>
<!-- Generated by org.testng.reporters.JUnitReportReporter -->
<testsuite hostname="chn1-lhp-N80954" failures="0" tests="8" name="main.NewTest" time="37.049" errors="0" timestamp="2023-06-29T12:16:39 IST" skipped="0">
  <testcase classname="main.NewTest" name="login" time="5.495"/>
  <testcase classname="main.NewTest" name="Home" time="8.709"/>
  <testcase classname="main.NewTest" name="addCart" time="0.178"/>
  <testcase classname="main.NewTest" name="cart" time="3.668"/>
  <testcase classname="main.NewTest" name="yourInfo" time="3.372"/>
  <testcase classname="main.NewTest" name="overView" time="0.205"/>
  <testcase classname="main.NewTest" name="complt" time="3.120"/>
  <testcase classname="main.NewTest" name="logout" time="12.302"/>
</testsuite> <!-- main.NewTest -->
