<?xml version="1.0" encoding="UTF-8"?>
<!-- Generated by org.testng.reporters.JUnitReportReporter -->
<testsuite hostname="chn1-lhp-N80954" failures="0" tests="8" name="main.NewTest" time="36.988" errors="0" timestamp="2023-06-29T18:19:23 IST" skipped="0">
  <testcase classname="main.NewTest" name="login" time="5.458"/>
  <testcase classname="main.NewTest" name="Home" time="8.746"/>
  <testcase classname="main.NewTest" name="addCart" time="0.180"/>
  <testcase classname="main.NewTest" name="cart" time="3.691"/>
  <testcase classname="main.NewTest" name="yourInfo" time="3.354"/>
  <testcase classname="main.NewTest" name="overView" time="0.214"/>
  <testcase classname="main.NewTest" name="complt" time="3.122"/>
  <testcase classname="main.NewTest" name="logout" time="12.223"/>
</testsuite> <!-- main.NewTest -->
