<?xml version="1.0" encoding="UTF-8"?>
<!-- Generated by org.testng.reporters.JUnitReportReporter -->
<testsuite hostname="chn1-lhp-N80954" failures="0" tests="1" name="practice.MMT_EET" time="3.749" errors="0" timestamp="2023-06-26T22:13:17 IST" skipped="0">
  <testcase classname="practice.MMT_EET" name="makeMyTrip" time="3.749"/>
</testsuite> <!-- practice.MMT_EET -->
