<?xml version="1.0" encoding="UTF-8"?>
<!-- Generated by org.testng.reporters.JUnitReportReporter -->
<testsuite hostname="chn1-lhp-N80954" failures="0" tests="5" name="com.Test.Final_POC" time="66.884" errors="0" timestamp="2023-06-29T21:24:00 IST" skipped="0">
  <testcase classname="com.Test.Final_POC" name="login1" time="6.237"/>
  <testcase classname="com.Test.Final_POC" name="login2" time="8.221"/>
  <testcase classname="com.Test.Final_POC" name="login3" time="17.229"/>
  <testcase classname="com.Test.Final_POC" name="login4" time="17.251"/>
  <testcase classname="com.Test.Final_POC" name="login5" time="17.946"/>
</testsuite> <!-- com.Test.Final_POC -->
