<?xml version="1.0" encoding="UTF-8"?>
<!-- Generated by org.testng.reporters.JUnitReportReporter -->
<testsuite hostname="chn1-lhp-N80954" failures="0" tests="8" name="com.MainTest.MainTest" time="2.660" errors="0" timestamp="2023-07-05T14:21:30 IST" skipped="0">
  <testcase classname="com.MainTest.MainTest" name="loginWithValidAndInvalidUserCredentials" time="0.298"/>
  <testcase classname="com.MainTest.MainTest" name="loginWithValidAndInvalidUserCredentials" time="0.266"/>
  <testcase classname="com.MainTest.MainTest" name="loginWithValidAndInvalidUserCredentials" time="0.400"/>
  <testcase classname="com.MainTest.MainTest" name="loginWithValidAndInvalidUserCredentials" time="0.236"/>
  <testcase classname="com.MainTest.MainTest" name="AddProductsToCart" time="0.574"/>
  <testcase classname="com.MainTest.MainTest" name="removeProductsAndCheckoutProductsOnCart" time="0.322"/>
  <testcase classname="com.MainTest.MainTest" name="CompleteCheckout" time="0.426"/>
  <testcase classname="com.MainTest.MainTest" name="logoutAsUser" time="0.138"/>
</testsuite> <!-- com.MainTest.MainTest -->
